<?xml version="1.0" encoding="UTF-8"?>
<!-- Generated by org.testng.reporters.JUnitReportReporter -->
<testsuite name="com.testvagrant.testscripts.HotelBookingTest" tests="1" time="17.188" ignored="0" failures="0" timestamp="05 Aug 2019 02:52:37 GMT" skipped="0" hostname="IN-L2278" errors="0">
  <testcase name="shouldBeAbleToSearchForHotels" time="17.188" classname="com.testvagrant.testscripts.HotelBookingTest"/>
</testsuite> <!-- com.testvagrant.testscripts.HotelBookingTest -->
