<?xml version="1.0" encoding="UTF-8"?>
<!-- Generated by org.testng.reporters.JUnitReportReporter -->
<testsuite name="com.whatfix.testscripts.testWhatFixEmbededFlowCheck" tests="1" time="21.462" ignored="0" failures="0" timestamp="19 Sep 2018 09:59:59 GMT" skipped="0" hostname="IN-L1057" errors="0">
  <testcase name="testWhatFixEmbeded" time="21.462" classname="com.whatfix.testscripts.testWhatFixEmbededFlowCheck"/>
</testsuite> <!-- com.whatfix.testscripts.testWhatFixEmbededFlowCheck -->
