<?xml version="1.0" encoding="UTF-8"?>
<!-- Generated by org.testng.reporters.JUnitReportReporter -->
<testsuite name="com.testvagrant.testscripts.SIgnInTestSuite" tests="1" time="7.660" ignored="0" failures="0" timestamp="05 Aug 2019 14:24:48 GMT" skipped="0" hostname="IN-L2278" errors="0">
  <testcase name="shouldThrowAnErrorIfSignInDetailsAreMissing" time="7.660" classname="com.testvagrant.testscripts.SIgnInTestSuite"/>
</testsuite> <!-- com.testvagrant.testscripts.SIgnInTestSuite -->
